<?xml version="1.0" encoding="UTF-8"?>
<!-- Generated by org.testng.reporters.JUnitXMLReporter -->
<testsuite ignored="0" hostname="DESKTOP-1VT60C3" failures="0" tests="4" name="Default test" time="29.722" errors="0" timestamp="2022-05-31T19:34:28 IST">
  <testcase classname="com.excel.ExcelReading" name="inhvalidusernameandinvalidpassword" time="15.504"/>
  <testcase classname="com.excel.ExcelReading" name="inhvalidusernameandinvalidpassword" time="3.072"/>
  <testcase classname="com.excel.ExcelReading" name="inhvalidusernameandinvalidpassword" time="3.094"/>
  <testcase classname="com.excel.ExcelReading" name="inhvalidusernameandinvalidpassword" time="2.902"/>
</testsuite> <!-- Default test -->
