<?xml version="1.0" encoding="UTF-8"?>
<testng-results ignored="0" total="4" passed="4" failed="0" skipped="0">
  <reporter-output>
  </reporter-output>
  <suite started-at="2022-05-31T19:33:59 IST" name="Default suite" finished-at="2022-05-31T19:34:28 IST" duration-ms="29722">
    <groups>
    </groups>
    <test started-at="2022-05-31T19:33:59 IST" name="Default test" finished-at="2022-05-31T19:34:28 IST" duration-ms="29722">
      <class name="com.excel.ExcelReading">
        <test-method is-config="true" signature="beforetest()[pri:0, instance:com.excel.ExcelReading@4659191b]" started-at="2022-05-31T19:33:59 IST" name="beforetest" finished-at="2022-05-31T19:34:03 IST" duration-ms="4501" status="PASS">
          <reporter-output>
          </reporter-output>
        </test-method> <!-- beforetest -->
        <test-method signature="inhvalidusernameandinvalidpassword(java.lang.String,java.lang.String)[pri:0, instance:com.excel.ExcelReading@4659191b]" started-at="2022-05-31T19:34:03 IST" name="inhvalidusernameandinvalidpassword" data-provider="logindata" finished-at="2022-05-31T19:34:19 IST" duration-ms="15504" status="PASS">
          <params>
            <param index="0">
              <value>
                <![CDATA[Admin]]>
              </value>
            </param>
            <param index="1">
              <value>
                <![CDATA[admin123]]>
              </value>
            </param>
          </params>
          <reporter-output>
          </reporter-output>
        </test-method> <!-- inhvalidusernameandinvalidpassword -->
        <test-method signature="inhvalidusernameandinvalidpassword(java.lang.String,java.lang.String)[pri:0, instance:com.excel.ExcelReading@4659191b]" started-at="2022-05-31T19:34:19 IST" name="inhvalidusernameandinvalidpassword" data-provider="logindata" finished-at="2022-05-31T19:34:22 IST" duration-ms="3072" status="PASS">
          <params>
            <param index="0">
              <value>
                <![CDATA[Admin]]>
              </value>
            </param>
            <param index="1">
              <value>
                <![CDATA[admin1]]>
              </value>
            </param>
          </params>
          <reporter-output>
          </reporter-output>
        </test-method> <!-- inhvalidusernameandinvalidpassword -->
        <test-method signature="inhvalidusernameandinvalidpassword(java.lang.String,java.lang.String)[pri:0, instance:com.excel.ExcelReading@4659191b]" started-at="2022-05-31T19:34:22 IST" name="inhvalidusernameandinvalidpassword" data-provider="logindata" finished-at="2022-05-31T19:34:25 IST" duration-ms="3094" status="PASS">
          <params>
            <param index="0">
              <value>
                <![CDATA[admin]]>
              </value>
            </param>
            <param index="1">
              <value>
                <![CDATA[admin123]]>
              </value>
            </param>
          </params>
          <reporter-output>
          </reporter-output>
        </test-method> <!-- inhvalidusernameandinvalidpassword -->
        <test-method signature="inhvalidusernameandinvalidpassword(java.lang.String,java.lang.String)[pri:0, instance:com.excel.ExcelReading@4659191b]" started-at="2022-05-31T19:34:25 IST" name="inhvalidusernameandinvalidpassword" data-provider="logindata" finished-at="2022-05-31T19:34:28 IST" duration-ms="2902" status="PASS">
          <params>
            <param index="0">
              <value>
                <![CDATA[admin]]>
              </value>
            </param>
            <param index="1">
              <value>
                <![CDATA[admin]]>
              </value>
            </param>
          </params>
          <reporter-output>
          </reporter-output>
        </test-method> <!-- inhvalidusernameandinvalidpassword -->
        <test-method is-config="true" signature="aftertest()[pri:0, instance:com.excel.ExcelReading@4659191b]" started-at="2022-05-31T19:34:28 IST" name="aftertest" finished-at="2022-05-31T19:34:28 IST" duration-ms="323" status="PASS">
          <reporter-output>
          </reporter-output>
        </test-method> <!-- aftertest -->
      </class> <!-- com.excel.ExcelReading -->
    </test> <!-- Default test -->
  </suite> <!-- Default suite -->
</testng-results>
