<?xml version="1.0" encoding="UTF-8"?>
<!-- Generated by org.testng.reporters.JUnitXMLReporter -->
<testsuite ignored="0" hostname="DESKTOP-1VT60C3" failures="0" tests="4" name="Test" time="99.861" errors="0" timestamp="2022-05-27T22:34:43 IST">
  <testcase classname="login.Validusernamewrongpassword" name="validusernameandinvalidpassword" time="28.504"/>
  <testcase classname="login.Wrongusernamewrongpassword" name="inhvalidusernameandinvalidpassword" time="22.773"/>
  <testcase classname="login.Validusernamevalidpassword" name="loginwithvalidusernameandvalidpassword" time="24.323"/>
  <testcase classname="login.Invalidusernamecorrectpassword" name="inhvalidusernameandvalidpassword" time="24.177"/>
</testsuite> <!-- Test -->
